Using pre-set license
Built from '2021.3/staging' branch; Version is '2021.3.2f1 (d6360bedb9a0) revision 14038539'; Using compiler version '192829333'; Build Type 'Release'
OS: 'Windows 11  (10.0.22621) 64bit Core' Language: 'en' Physical Memory: 16215 MB
BatchMode: 1, IsHumanControllingUs: 0, StartBugReporterOnCrash: 0, Is64bit: 1, IsPro: 1

COMMAND LINE ARGUMENTS:
D:\unity\2021.3.2f1\Editor\Unity.exe
-adb2
-batchMode
-noUpm
-name
AssetImportWorker0
-projectPath
D:/unity/2021.3.2f1/Rooster-Town/Rooster-Town
-logFile
Logs/AssetImportWorker0.log
-srvPort
59220
Successfully changed project path to: D:/unity/2021.3.2f1/Rooster-Town/Rooster-Town
D:/unity/2021.3.2f1/Rooster-Town/Rooster-Town
[UnityMemory] Configuration Parameters - Can be set up in boot.config
    "memorysetup-bucket-allocator-granularity=16"
    "memorysetup-bucket-allocator-bucket-count=8"
    "memorysetup-bucket-allocator-block-size=33554432"
    "memorysetup-bucket-allocator-block-count=8"
    "memorysetup-main-allocator-block-size=16777216"
    "memorysetup-thread-allocator-block-size=16777216"
    "memorysetup-gfx-main-allocator-block-size=16777216"
    "memorysetup-gfx-thread-allocator-block-size=16777216"
    "memorysetup-cache-allocator-block-size=4194304"
    "memorysetup-typetree-allocator-block-size=2097152"
    "memorysetup-profiler-bucket-allocator-granularity=16"
    "memorysetup-profiler-bucket-allocator-bucket-count=8"
    "memorysetup-profiler-bucket-allocator-block-size=33554432"
    "memorysetup-profiler-bucket-allocator-block-count=8"
    "memorysetup-profiler-allocator-block-size=16777216"
    "memorysetup-profiler-editor-allocator-block-size=1048576"
    "memorysetup-temp-allocator-size-main=16777216"
    "memorysetup-job-temp-allocator-block-size=2097152"
    "memorysetup-job-temp-allocator-block-size-background=1048576"
    "memorysetup-job-temp-allocator-reduction-small-platforms=262144"
    "memorysetup-temp-allocator-size-background-worker=32768"
    "memorysetup-temp-allocator-size-job-worker=262144"
    "memorysetup-temp-allocator-size-preload-manager=33554432"
    "memorysetup-temp-allocator-size-nav-mesh-worker=65536"
    "memorysetup-temp-allocator-size-audio-worker=65536"
    "memorysetup-temp-allocator-size-cloud-worker=32768"
    "memorysetup-temp-allocator-size-gi-baking-worker=262144"
    "memorysetup-temp-allocator-size-gfx=262144"
Refreshing native plugins compatible for Editor in 193.04 ms, found 4 plugins.
Preloading 0 native plugins for Editor in 0.00 ms.
Initialize engine version: 2021.3.2f1 (d6360bedb9a0)
[Subsystems] Discovering subsystems at path D:/unity/2021.3.2f1/Editor/Data/Resources/UnitySubsystems
[Subsystems] Discovering subsystems at path D:/unity/2021.3.2f1/Rooster-Town/Rooster-Town/Assets
GfxDevice: creating device client; threaded=0; jobified=0
Direct3D:
    Version:  Direct3D 11.0 [level 11.1]
    Renderer: NVIDIA GeForce RTX 2060 (ID=0x1f15)
    Vendor:   NVIDIA
    VRAM:     5968 MB
    Driver:   31.0.15.2756
Initialize mono
Mono path[0] = 'D:/unity/2021.3.2f1/Editor/Data/Managed'
Mono path[1] = 'D:/unity/2021.3.2f1/Editor/Data/MonoBleedingEdge/lib/mono/unityjit-win32'
Mono config path = 'D:/unity/2021.3.2f1/Editor/Data/MonoBleedingEdge/etc'
Using monoOptions --debugger-agent=transport=dt_socket,embedding=1,server=y,suspend=n,address=127.0.0.1:56424
Begin MonoManager ReloadAssembly
Registering precompiled unity dll's ...
Register platform support module: D:/unity/2021.3.2f1/Editor/Data/PlaybackEngines/WindowsStandaloneSupport/UnityEditor.WindowsStandalone.Extensions.dll
Registered in 0.003090 seconds.
Native extension for WindowsStandalone target not found
Refreshing native plugins compatible for Editor in 201.71 ms, found 4 plugins.
Preloading 0 native plugins for Editor in 0.00 ms.
Mono: successfully reloaded assembly
- Completed reload, in  1.408 seconds
Domain Reload Profiling:
	ReloadAssembly (1408ms)
		BeginReloadAssembly (220ms)
			ExecutionOrderSort (0ms)
			DisableScriptedObjects (0ms)
			BackupInstance (0ms)
			ReleaseScriptingObjects (0ms)
			CreateAndSetChildDomain (1ms)
		EndReloadAssembly (924ms)
			LoadAssemblies (219ms)
			RebuildTransferFunctionScriptingTraits (0ms)
			SetupTypeCache (230ms)
			ReleaseScriptCaches (0ms)
			RebuildScriptCaches (53ms)
			SetupLoadedEditorAssemblies (555ms)
				LogAssemblyErrors (0ms)
				InitializePlatformSupportModulesInManaged (12ms)
				SetLoadedEditorAssemblies (0ms)
				RefreshPlugins (202ms)
				BeforeProcessingInitializeOnLoad (4ms)
				ProcessInitializeOnLoadAttributes (247ms)
				ProcessInitializeOnLoadMethodAttributes (91ms)
				AfterProcessingInitializeOnLoad (0ms)
				EditorAssembliesLoaded (0ms)
			ExecutionOrderSort2 (0ms)
			AwakeInstancesAfterBackupRestoration (0ms)
Platform modules already initialized, skipping
Registering precompiled user dll's ...
Registered in 0.009905 seconds.
Begin MonoManager ReloadAssembly
Symbol file LoadedFromMemory doesn't match image D:\unity\2021.3.2f1\Rooster-Town\Rooster-Town\Library\PackageCache\com.unity.visualscripting@1.7.6\Editor\VisualScripting.Core\Dependencies\YamlDotNet\Unity.VisualScripting.YamlDotNet.dll
Symbol file LoadedFromMemory doesn't match image D:\unity\2021.3.2f1\Rooster-Town\Rooster-Town\Library\PackageCache\com.unity.visualscripting@1.7.6\Editor\VisualScripting.Core\Dependencies\DotNetZip\Unity.VisualScripting.IonicZip.dll
Native extension for WindowsStandalone target not found
Refreshing native plugins compatible for Editor in 147.77 ms, found 4 plugins.
Preloading 0 native plugins for Editor in 0.00 ms.
Mono: successfully reloaded assembly
- Completed reload, in  1.864 seconds
Domain Reload Profiling:
	ReloadAssembly (1865ms)
		BeginReloadAssembly (193ms)
			ExecutionOrderSort (0ms)
			DisableScriptedObjects (11ms)
			BackupInstance (0ms)
			ReleaseScriptingObjects (0ms)
			CreateAndSetChildDomain (32ms)
		EndReloadAssembly (1479ms)
			LoadAssemblies (151ms)
			RebuildTransferFunctionScriptingTraits (0ms)
			SetupTypeCache (451ms)
			ReleaseScriptCaches (2ms)
			RebuildScriptCaches (88ms)
			SetupLoadedEditorAssemblies (740ms)
				LogAssemblyErrors (0ms)
				InitializePlatformSupportModulesInManaged (5ms)
				SetLoadedEditorAssemblies (0ms)
				RefreshPlugins (148ms)
				BeforeProcessingInitializeOnLoad (152ms)
				ProcessInitializeOnLoadAttributes (362ms)
				ProcessInitializeOnLoadMethodAttributes (71ms)
				AfterProcessingInitializeOnLoad (2ms)
				EditorAssembliesLoaded (0ms)
			ExecutionOrderSort2 (0ms)
			AwakeInstancesAfterBackupRestoration (11ms)
Platform modules already initialized, skipping
========================================================================
Worker process is ready to serve import requests
Launched and connected shader compiler UnityShaderCompiler.exe after 0.07 seconds
Refreshing native plugins compatible for Editor in 2.29 ms, found 4 plugins.
Preloading 0 native plugins for Editor in 0.00 ms.
Unloading 4048 Unused Serialized files (Serialized files now loaded: 0)
Unloading 43 unused Assets / (225.5 KB). Loaded Objects now: 4498.
Memory consumption went from 150.7 MB to 150.4 MB.
Total: 5.316200 ms (FindLiveObjects: 0.612100 ms CreateObjectMapping: 0.637200 ms MarkObjects: 3.886200 ms  DeleteObjects: 0.178500 ms)

AssetImportParameters requested are different than current active one (requested -> active):
  custom:video-decoder-ogg-theora: a1e56fd34408186e4bbccfd4996cb3dc -> 
  custom:container-muxer-webm: aa71ff27fc2769a1b78a27578f13a17b -> 
  custom:container-demuxer-webm: 4f35f7cbe854078d1ac9338744f61a02 -> 
  custom:video-encoder-webm-vp8: eb34c28f22e8b96e1ab97ce403110664 -> 
  custom:audio-encoder-webm-vorbis: bf7c407c2cedff20999df2af8eb42d56 -> 
  custom:framework-win-MediaFoundation: 216162199b28c13a410421893ffa2e32 -> 
  custom:container-demuxer-ogg: 62fdf1f143b41e24485cea50d1cbac27 -> 
  custom:video-decoder-webm-vp8: 9c59270c3fd7afecdb556c50c9e8de78 -> 
  custom:audio-decoder-ogg-vorbis: bf7c407c2cedff20999df2af8eb42d56 -> 
========================================================================
Received Import Request.
  Time since last request: 33487.199326 seconds.
  path: Assets/Art/gfx/tileset_32.asset
  artifactKey: Guid(6388579fa7b0ebb4192f06d7c8f13551) Importer(815301076,1909f56bfc062723c751e8b465ee728b)
Start importing Assets/Art/gfx/tileset_32.asset using Guid(6388579fa7b0ebb4192f06d7c8f13551) Importer(815301076,1909f56bfc062723c751e8b465ee728b)  -> (artifact id: '8c62841499d50dae56b29352df25fcbc') in 0.092599 seconds 
========================================================================
Received Import Request.
  Time since last request: 0.000026 seconds.
  path: Assets/Art/gfx/tileset_49.asset
  artifactKey: Guid(de7f8c2be8c658940a9b5c8cab8d6967) Importer(815301076,1909f56bfc062723c751e8b465ee728b)
Start importing Assets/Art/gfx/tileset_49.asset using Guid(de7f8c2be8c658940a9b5c8cab8d6967) Importer(815301076,1909f56bfc062723c751e8b465ee728b)  -> (artifact id: '6128d95a321cad697722e43347b44872') in 0.019210 seconds 
========================================================================
Received Import Request.
  Time since last request: 0.000081 seconds.
  path: Assets/Art/gfx/tileset_44.asset
  artifactKey: Guid(f70f10c335f25b24baf789e1f357f1d2) Importer(815301076,1909f56bfc062723c751e8b465ee728b)
Start importing Assets/Art/gfx/tileset_44.asset using Guid(f70f10c335f25b24baf789e1f357f1d2) Importer(815301076,1909f56bfc062723c751e8b465ee728b)  -> (artifact id: 'cd1e791f0687fc3c89cd81489e4a613e') in 0.017891 seconds 
========================================================================
Received Import Request.
  Time since last request: 0.000026 seconds.
  path: Assets/Art/gfx/tileset_38.asset
  artifactKey: Guid(3e6bb4e28c997e84bbd41824ef06aef9) Importer(815301076,1909f56bfc062723c751e8b465ee728b)
Start importing Assets/Art/gfx/tileset_38.asset using Guid(3e6bb4e28c997e84bbd41824ef06aef9) Importer(815301076,1909f56bfc062723c751e8b465ee728b)  -> (artifact id: '5d4dc345f8f1a52fffaefdf5bec56e5f') in 0.020897 seconds 
========================================================================
Received Import Request.
  Time since last request: 0.000026 seconds.
  path: Assets/Art/gfx/tileset_62.asset
  artifactKey: Guid(9ddb69074dfc3f542b6ac8e19a40bb19) Importer(815301076,1909f56bfc062723c751e8b465ee728b)
Start importing Assets/Art/gfx/tileset_62.asset using Guid(9ddb69074dfc3f542b6ac8e19a40bb19) Importer(815301076,1909f56bfc062723c751e8b465ee728b)  -> (artifact id: '3e1bbac25754a666d13213e247b1c9db') in 0.014561 seconds 
========================================================================
Received Import Request.
  Time since last request: 0.000043 seconds.
  path: Assets/Art/gfx/tileset_6.asset
  artifactKey: Guid(485fa777aa0b02743928eb5c13c65d3a) Importer(815301076,1909f56bfc062723c751e8b465ee728b)
Start importing Assets/Art/gfx/tileset_6.asset using Guid(485fa777aa0b02743928eb5c13c65d3a) Importer(815301076,1909f56bfc062723c751e8b465ee728b)  -> (artifact id: '9a4d51ce61155fbadfe8b0d8ca200cb5') in 0.012645 seconds 
========================================================================
Received Import Request.
  Time since last request: 0.000037 seconds.
  path: Assets/Art/gfx/tileset_29.asset
  artifactKey: Guid(cace8dbe77e6576468c3175b549730f9) Importer(815301076,1909f56bfc062723c751e8b465ee728b)
Start importing Assets/Art/gfx/tileset_29.asset using Guid(cace8dbe77e6576468c3175b549730f9) Importer(815301076,1909f56bfc062723c751e8b465ee728b)  -> (artifact id: '231859738868b0f725217aaed7943e5d') in 0.015139 seconds 
========================================================================
Received Import Request.
  Time since last request: 0.000030 seconds.
  path: Assets/Art/gfx/tileset_20.asset
  artifactKey: Guid(ff26497894498bd44a850f588b1e1bbc) Importer(815301076,1909f56bfc062723c751e8b465ee728b)
Start importing Assets/Art/gfx/tileset_20.asset using Guid(ff26497894498bd44a850f588b1e1bbc) Importer(815301076,1909f56bfc062723c751e8b465ee728b)  -> (artifact id: '7d5e84bacbccf6b9b0fa82472dbd486d') in 0.015410 seconds 
========================================================================
Received Import Request.
  Time since last request: 0.000031 seconds.
  path: Assets/Art/gfx/tileset_60.asset
  artifactKey: Guid(7d12293353d5e2c4694db5b78fce5bf9) Importer(815301076,1909f56bfc062723c751e8b465ee728b)
Start importing Assets/Art/gfx/tileset_60.asset using Guid(7d12293353d5e2c4694db5b78fce5bf9) Importer(815301076,1909f56bfc062723c751e8b465ee728b)  -> (artifact id: 'fc54997c173640aeb29258aacdad3d24') in 0.017675 seconds 
========================================================================
Received Import Request.
  Time since last request: 0.000035 seconds.
  path: Assets/Art/gfx/tileset_10.asset
  artifactKey: Guid(577126f4760bacf4db425e9335a8babe) Importer(815301076,1909f56bfc062723c751e8b465ee728b)
Start importing Assets/Art/gfx/tileset_10.asset using Guid(577126f4760bacf4db425e9335a8babe) Importer(815301076,1909f56bfc062723c751e8b465ee728b)  -> (artifact id: '6f6f55b69b906e98e3d7cdae7dc99121') in 0.018230 seconds 
========================================================================
Received Import Request.
  Time since last request: 0.000041 seconds.
  path: Assets/Art/gfx/tileset_56.asset
  artifactKey: Guid(bce9cb4826fc1444fa1852f00d2b5668) Importer(815301076,1909f56bfc062723c751e8b465ee728b)
Start importing Assets/Art/gfx/tileset_56.asset using Guid(bce9cb4826fc1444fa1852f00d2b5668) Importer(815301076,1909f56bfc062723c751e8b465ee728b)  -> (artifact id: '443e3cf9c8a1ce41987c75fdfa2aa9eb') in 0.017403 seconds 
========================================================================
Received Import Request.
  Time since last request: 0.000028 seconds.
  path: Assets/Art/gfx/tileset_8.asset
  artifactKey: Guid(b2889358ac005ed428aa31ebe147545a) Importer(815301076,1909f56bfc062723c751e8b465ee728b)
Start importing Assets/Art/gfx/tileset_8.asset using Guid(b2889358ac005ed428aa31ebe147545a) Importer(815301076,1909f56bfc062723c751e8b465ee728b)  -> (artifact id: 'e47f8706193c06a26e2fe65ca88bc39b') in 0.017320 seconds 
========================================================================
Received Import Request.
  Time since last request: 0.000021 seconds.
  path: Assets/Art/gfx/tileset_53.asset
  artifactKey: Guid(3f8041d7962dbd64293e2d5077c2b9b2) Importer(815301076,1909f56bfc062723c751e8b465ee728b)
Start importing Assets/Art/gfx/tileset_53.asset using Guid(3f8041d7962dbd64293e2d5077c2b9b2) Importer(815301076,1909f56bfc062723c751e8b465ee728b)  -> (artifact id: '431595e13524b5736607167d2fcc661d') in 0.019450 seconds 
========================================================================
Received Import Request.
  Time since last request: 0.000027 seconds.
  path: Assets/Art/gfx/tileset_27.asset
  artifactKey: Guid(e6dafd5a0572d9d4990a24e6ebcc3130) Importer(815301076,1909f56bfc062723c751e8b465ee728b)
Start importing Assets/Art/gfx/tileset_27.asset using Guid(e6dafd5a0572d9d4990a24e6ebcc3130) Importer(815301076,1909f56bfc062723c751e8b465ee728b)  -> (artifact id: '8aa1bdd5381d1a720d8d8fae1bba166e') in 0.015218 seconds 
========================================================================
Received Import Request.
  Time since last request: 0.000042 seconds.
  path: Assets/Art/gfx/tileset_9.asset
  artifactKey: Guid(44f44d34fa84f3f44b13962944d85145) Importer(815301076,1909f56bfc062723c751e8b465ee728b)
Start importing Assets/Art/gfx/tileset_9.asset using Guid(44f44d34fa84f3f44b13962944d85145) Importer(815301076,1909f56bfc062723c751e8b465ee728b)  -> (artifact id: 'e3b11a50e49dae40dd400def77797edd') in 0.019623 seconds 
========================================================================
Received Import Request.
  Time since last request: 0.000044 seconds.
  path: Assets/Art/gfx/tileset_25.asset
  artifactKey: Guid(71f24fb640aa02145ab9a8fcfdce2fce) Importer(815301076,1909f56bfc062723c751e8b465ee728b)
Start importing Assets/Art/gfx/tileset_25.asset using Guid(71f24fb640aa02145ab9a8fcfdce2fce) Importer(815301076,1909f56bfc062723c751e8b465ee728b)  -> (artifact id: 'c9abf897394f5a3a540d15a557b88119') in 0.016651 seconds 
========================================================================
Received Import Request.
  Time since last request: 0.000024 seconds.
  path: Assets/Art/gfx/tileset_59.asset
  artifactKey: Guid(916c1003a8f78e54ba95c04b52a33363) Importer(815301076,1909f56bfc062723c751e8b465ee728b)
Start importing Assets/Art/gfx/tileset_59.asset using Guid(916c1003a8f78e54ba95c04b52a33363) Importer(815301076,1909f56bfc062723c751e8b465ee728b)  -> (artifact id: '00efe1f1912056dd534bda7007172977') in 0.018481 seconds 
========================================================================
Received Import Request.
  Time since last request: 0.000031 seconds.
  path: Assets/Art/gfx/tileset_1.asset
  artifactKey: Guid(7fc4899d30d566644b5e62d2d381fdf7) Importer(815301076,1909f56bfc062723c751e8b465ee728b)
Start importing Assets/Art/gfx/tileset_1.asset using Guid(7fc4899d30d566644b5e62d2d381fdf7) Importer(815301076,1909f56bfc062723c751e8b465ee728b)  -> (artifact id: '6481eda8b3dcf7fffd42c6268815b676') in 0.017978 seconds 
========================================================================
Received Import Request.
  Time since last request: 0.000022 seconds.
  path: Assets/Art/gfx/tileset_31.asset
  artifactKey: Guid(424e6c7fe6f9653468ff32bbb0a88cf1) Importer(815301076,1909f56bfc062723c751e8b465ee728b)
Start importing Assets/Art/gfx/tileset_31.asset using Guid(424e6c7fe6f9653468ff32bbb0a88cf1) Importer(815301076,1909f56bfc062723c751e8b465ee728b)  -> (artifact id: '0b9cf27e148a7e0db8db1750125c0b6e') in 0.015600 seconds 
========================================================================
Received Import Request.
  Time since last request: 0.000036 seconds.
  path: Assets/Art/gfx/tileset_45.asset
  artifactKey: Guid(bffcc9ac8e35a664193605cc1a7d4926) Importer(815301076,1909f56bfc062723c751e8b465ee728b)
Start importing Assets/Art/gfx/tileset_45.asset using Guid(bffcc9ac8e35a664193605cc1a7d4926) Importer(815301076,1909f56bfc062723c751e8b465ee728b)  -> (artifact id: 'e0f7a04704a25a7654fe876e87900e7d') in 0.017606 seconds 
========================================================================
Received Import Request.
  Time since last request: 0.000154 seconds.
  path: Assets/Art/gfx/tileset_12.asset
  artifactKey: Guid(1cb2fb087d1833b4daa16edb49f0d275) Importer(815301076,1909f56bfc062723c751e8b465ee728b)
Start importing Assets/Art/gfx/tileset_12.asset using Guid(1cb2fb087d1833b4daa16edb49f0d275) Importer(815301076,1909f56bfc062723c751e8b465ee728b)  -> (artifact id: 'efc996293d403393123e82ddbd8ff0fb') in 0.017191 seconds 
========================================================================
Received Import Request.
  Time since last request: 0.000045 seconds.
  path: Assets/Art/gfx/tileset_39.asset
  artifactKey: Guid(fe8295acfc1373d48985499d14f81952) Importer(815301076,1909f56bfc062723c751e8b465ee728b)
Start importing Assets/Art/gfx/tileset_39.asset using Guid(fe8295acfc1373d48985499d14f81952) Importer(815301076,1909f56bfc062723c751e8b465ee728b)  -> (artifact id: '28d9d5b758516ba55fc7881b4874864c') in 0.015571 seconds 
========================================================================
Received Import Request.
  Time since last request: 0.000033 seconds.
  path: Assets/Art/gfx/tileset_22.asset
  artifactKey: Guid(cdf126246157b654c8eb8073af2dae61) Importer(815301076,1909f56bfc062723c751e8b465ee728b)
Start importing Assets/Art/gfx/tileset_22.asset using Guid(cdf126246157b654c8eb8073af2dae61) Importer(815301076,1909f56bfc062723c751e8b465ee728b)  -> (artifact id: 'f579578209a1b0149c492288b22bead4') in 0.015939 seconds 
========================================================================
Received Import Request.
  Time since last request: 217.164158 seconds.
  path: Assets/Art/gfx/tileset_69.asset
  artifactKey: Guid(7fabe3061e9ef8d44b9dca9ec799a08f) Importer(815301076,1909f56bfc062723c751e8b465ee728b)
Start importing Assets/Art/gfx/tileset_69.asset using Guid(7fabe3061e9ef8d44b9dca9ec799a08f) Importer(815301076,1909f56bfc062723c751e8b465ee728b)  -> (artifact id: '1f067d12e66764ee9516e9300e62578f') in 0.021909 seconds 
========================================================================
Received Import Request.
  Time since last request: 0.000030 seconds.
  path: Assets/Art/gfx/tileset_72.asset
  artifactKey: Guid(68bf9fe8cba6a5d4094b74c0858ed525) Importer(815301076,1909f56bfc062723c751e8b465ee728b)
Start importing Assets/Art/gfx/tileset_72.asset using Guid(68bf9fe8cba6a5d4094b74c0858ed525) Importer(815301076,1909f56bfc062723c751e8b465ee728b)  -> (artifact id: '50ec0317c82ab7c66dd364fc4b2f0fb5') in 0.017568 seconds 
========================================================================
Received Import Request.
  Time since last request: 0.000045 seconds.
  path: Assets/Art/gfx/tileset_97.asset
  artifactKey: Guid(b5111513c87951440af78938bd3b36a8) Importer(815301076,1909f56bfc062723c751e8b465ee728b)
Start importing Assets/Art/gfx/tileset_97.asset using Guid(b5111513c87951440af78938bd3b36a8) Importer(815301076,1909f56bfc062723c751e8b465ee728b)  -> (artifact id: '45e85c6ac2f3191fb1f8ab9a2e012a8e') in 0.017142 seconds 
========================================================================
Received Import Request.
  Time since last request: 0.000029 seconds.
  path: Assets/Art/gfx/tileset_84.asset
  artifactKey: Guid(0233bda5f1cc4924085e6cf0219a723d) Importer(815301076,1909f56bfc062723c751e8b465ee728b)
Start importing Assets/Art/gfx/tileset_84.asset using Guid(0233bda5f1cc4924085e6cf0219a723d) Importer(815301076,1909f56bfc062723c751e8b465ee728b)  -> (artifact id: '1851dd43b66092eb0b72ff9812b6f007') in 0.017855 seconds 
========================================================================
Received Import Request.
  Time since last request: 0.000031 seconds.
  path: Assets/Art/gfx/tileset_89.asset
  artifactKey: Guid(81305d4d59d099b4d81adda63a29412e) Importer(815301076,1909f56bfc062723c751e8b465ee728b)
Start importing Assets/Art/gfx/tileset_89.asset using Guid(81305d4d59d099b4d81adda63a29412e) Importer(815301076,1909f56bfc062723c751e8b465ee728b)  -> (artifact id: 'fc785f558987c0c966a5116e6689d874') in 0.026826 seconds 
========================================================================
Received Import Request.
  Time since last request: 0.000024 seconds.
  path: Assets/Art/gfx/tileset_85.asset
  artifactKey: Guid(0e52471dd52ef894db3a9dae9189401f) Importer(815301076,1909f56bfc062723c751e8b465ee728b)
Start importing Assets/Art/gfx/tileset_85.asset using Guid(0e52471dd52ef894db3a9dae9189401f) Importer(815301076,1909f56bfc062723c751e8b465ee728b)  -> (artifact id: 'fce8669bb795253d86441f2684dc6e1a') in 0.012909 seconds 
========================================================================
Received Import Request.
  Time since last request: 0.000021 seconds.
  path: Assets/Art/gfx/tileset_87.asset
  artifactKey: Guid(b882be9fe7b1e8e4ea5da1c5135a56e9) Importer(815301076,1909f56bfc062723c751e8b465ee728b)
Start importing Assets/Art/gfx/tileset_87.asset using Guid(b882be9fe7b1e8e4ea5da1c5135a56e9) Importer(815301076,1909f56bfc062723c751e8b465ee728b)  -> (artifact id: '3de01f06486ac4a6e11d5490a2100a89') in 0.016275 seconds 
========================================================================
Received Import Request.
  Time since last request: 0.000027 seconds.
  path: Assets/Art/gfx/tileset_78.asset
  artifactKey: Guid(f5a44550a8f7b5c4ab52e2b7617d17d7) Importer(815301076,1909f56bfc062723c751e8b465ee728b)
Start importing Assets/Art/gfx/tileset_78.asset using Guid(f5a44550a8f7b5c4ab52e2b7617d17d7) Importer(815301076,1909f56bfc062723c751e8b465ee728b)  -> (artifact id: '03a3ff4d198b533555e8d3b5590ba83e') in 0.020971 seconds 
========================================================================
Received Import Request.
  Time since last request: 0.000020 seconds.
  path: Assets/Art/gfx/tileset_94.asset
  artifactKey: Guid(b68debf845276cd4c85d1b38005dc2ab) Importer(815301076,1909f56bfc062723c751e8b465ee728b)
Start importing Assets/Art/gfx/tileset_94.asset using Guid(b68debf845276cd4c85d1b38005dc2ab) Importer(815301076,1909f56bfc062723c751e8b465ee728b)  -> (artifact id: '2cf532bb24607b7a8517584d9d7a4ea3') in 0.013643 seconds 
========================================================================
Received Import Request.
  Time since last request: 0.000027 seconds.
  path: Assets/Art/gfx/tileset_96.asset
  artifactKey: Guid(7b528451a3b785343894fa89fd34a2c4) Importer(815301076,1909f56bfc062723c751e8b465ee728b)
Start importing Assets/Art/gfx/tileset_96.asset using Guid(7b528451a3b785343894fa89fd34a2c4) Importer(815301076,1909f56bfc062723c751e8b465ee728b)  -> (artifact id: 'ac6fa39c56d5c896c84529fb6e666bb0') in 0.018422 seconds 
========================================================================
Received Import Request.
  Time since last request: 0.000025 seconds.
  path: Assets/Art/gfx/tileset_71.asset
  artifactKey: Guid(173fb9bdc1929504a8dd6eba291840dd) Importer(815301076,1909f56bfc062723c751e8b465ee728b)
Start importing Assets/Art/gfx/tileset_71.asset using Guid(173fb9bdc1929504a8dd6eba291840dd) Importer(815301076,1909f56bfc062723c751e8b465ee728b)  -> (artifact id: '2920cba44d249c81be180179f6108e9a') in 0.014626 seconds 
========================================================================
Received Import Request.
  Time since last request: 0.000035 seconds.
  path: Assets/Art/gfx/tileset_83.asset
  artifactKey: Guid(a1d52c3471cbe9541ad2928b121ae0e1) Importer(815301076,1909f56bfc062723c751e8b465ee728b)
Start importing Assets/Art/gfx/tileset_83.asset using Guid(a1d52c3471cbe9541ad2928b121ae0e1) Importer(815301076,1909f56bfc062723c751e8b465ee728b)  -> (artifact id: '4a5203dcf352684e8f2d2b4a2085cdc8') in 0.012458 seconds 
========================================================================
Received Import Request.
  Time since last request: 0.000019 seconds.
  path: Assets/Art/gfx/tileset_79.asset
  artifactKey: Guid(d97acde21c1c16f41a12abf7876a0cf8) Importer(815301076,1909f56bfc062723c751e8b465ee728b)
Start importing Assets/Art/gfx/tileset_79.asset using Guid(d97acde21c1c16f41a12abf7876a0cf8) Importer(815301076,1909f56bfc062723c751e8b465ee728b)  -> (artifact id: 'afd8d6a52832958e41289595249d428e') in 0.014052 seconds 
========================================================================
Received Import Request.
  Time since last request: 0.000021 seconds.
  path: Assets/Art/gfx/tileset_70.asset
  artifactKey: Guid(054a18bcbf6c6e94ab1a7dba31114e1a) Importer(815301076,1909f56bfc062723c751e8b465ee728b)
Start importing Assets/Art/gfx/tileset_70.asset using Guid(054a18bcbf6c6e94ab1a7dba31114e1a) Importer(815301076,1909f56bfc062723c751e8b465ee728b)  -> (artifact id: '340a60fcfbafc7c4eac90c473f10ca97') in 0.011821 seconds 
========================================================================
Received Import Request.
  Time since last request: 0.000025 seconds.
  path: Assets/Art/gfx/tileset_73.asset
  artifactKey: Guid(1e556fba782ca994080d4ea3e06a0db2) Importer(815301076,1909f56bfc062723c751e8b465ee728b)
Start importing Assets/Art/gfx/tileset_73.asset using Guid(1e556fba782ca994080d4ea3e06a0db2) Importer(815301076,1909f56bfc062723c751e8b465ee728b)  -> (artifact id: '5a15162414244bb99e8ff86acaffb7de') in 0.011929 seconds 
Editor requested this worker to shutdown with reason: Scaling down because of idle timeout
AssetImportWorker is now disconnected from the server
Process exiting
Exiting without the bug reporter. Application will terminate with return code 0