Using pre-set license
Built from '2021.3/staging' branch; Version is '2021.3.2f1 (d6360bedb9a0) revision 14038539'; Using compiler version '192829333'; Build Type 'Release'
OS: 'Windows 11  (10.0.22621) 64bit Core' Language: 'en' Physical Memory: 16215 MB
BatchMode: 1, IsHumanControllingUs: 0, StartBugReporterOnCrash: 0, Is64bit: 1, IsPro: 1

COMMAND LINE ARGUMENTS:
D:\unity\2021.3.2f1\Editor\Unity.exe
-adb2
-batchMode
-noUpm
-name
AssetImportWorker2
-projectPath
D:/unity/2021.3.2f1/Rooster-Town/Rooster-Town
-logFile
Logs/AssetImportWorker2.log
-srvPort
64081
Successfully changed project path to: D:/unity/2021.3.2f1/Rooster-Town/Rooster-Town
D:/unity/2021.3.2f1/Rooster-Town/Rooster-Town
[UnityMemory] Configuration Parameters - Can be set up in boot.config
    "memorysetup-bucket-allocator-granularity=16"
    "memorysetup-bucket-allocator-bucket-count=8"
    "memorysetup-bucket-allocator-block-size=33554432"
    "memorysetup-bucket-allocator-block-count=8"
    "memorysetup-main-allocator-block-size=16777216"
    "memorysetup-thread-allocator-block-size=16777216"
    "memorysetup-gfx-main-allocator-block-size=16777216"
    "memorysetup-gfx-thread-allocator-block-size=16777216"
    "memorysetup-cache-allocator-block-size=4194304"
    "memorysetup-typetree-allocator-block-size=2097152"
    "memorysetup-profiler-bucket-allocator-granularity=16"
    "memorysetup-profiler-bucket-allocator-bucket-count=8"
    "memorysetup-profiler-bucket-allocator-block-size=33554432"
    "memorysetup-profiler-bucket-allocator-block-count=8"
    "memorysetup-profiler-allocator-block-size=16777216"
    "memorysetup-profiler-editor-allocator-block-size=1048576"
    "memorysetup-temp-allocator-size-main=16777216"
    "memorysetup-job-temp-allocator-block-size=2097152"
    "memorysetup-job-temp-allocator-block-size-background=1048576"
    "memorysetup-job-temp-allocator-reduction-small-platforms=262144"
    "memorysetup-temp-allocator-size-background-worker=32768"
    "memorysetup-temp-allocator-size-job-worker=262144"
    "memorysetup-temp-allocator-size-preload-manager=33554432"
    "memorysetup-temp-allocator-size-nav-mesh-worker=65536"
    "memorysetup-temp-allocator-size-audio-worker=65536"
    "memorysetup-temp-allocator-size-cloud-worker=32768"
    "memorysetup-temp-allocator-size-gi-baking-worker=262144"
    "memorysetup-temp-allocator-size-gfx=262144"
Refreshing native plugins compatible for Editor in 126.17 ms, found 4 plugins.
Preloading 0 native plugins for Editor in 0.00 ms.
Initialize engine version: 2021.3.2f1 (d6360bedb9a0)
[Subsystems] Discovering subsystems at path D:/unity/2021.3.2f1/Editor/Data/Resources/UnitySubsystems
[Subsystems] Discovering subsystems at path D:/unity/2021.3.2f1/Rooster-Town/Rooster-Town/Assets
GfxDevice: creating device client; threaded=0; jobified=0
Direct3D:
    Version:  Direct3D 11.0 [level 11.1]
    Renderer: NVIDIA GeForce RTX 2060 (ID=0x1f15)
    Vendor:   NVIDIA
    VRAM:     5968 MB
    Driver:   31.0.15.2756
Initialize mono
Mono path[0] = 'D:/unity/2021.3.2f1/Editor/Data/Managed'
Mono path[1] = 'D:/unity/2021.3.2f1/Editor/Data/MonoBleedingEdge/lib/mono/unityjit-win32'
Mono config path = 'D:/unity/2021.3.2f1/Editor/Data/MonoBleedingEdge/etc'
Using monoOptions --debugger-agent=transport=dt_socket,embedding=1,server=y,suspend=n,address=127.0.0.1:56736
Begin MonoManager ReloadAssembly
Registering precompiled unity dll's ...
Register platform support module: D:/unity/2021.3.2f1/Editor/Data/PlaybackEngines/WindowsStandaloneSupport/UnityEditor.WindowsStandalone.Extensions.dll
Registered in 0.002051 seconds.
Native extension for WindowsStandalone target not found
Refreshing native plugins compatible for Editor in 108.28 ms, found 4 plugins.
Preloading 0 native plugins for Editor in 0.00 ms.
Mono: successfully reloaded assembly
- Completed reload, in  0.735 seconds
Domain Reload Profiling:
	ReloadAssembly (736ms)
		BeginReloadAssembly (93ms)
			ExecutionOrderSort (0ms)
			DisableScriptedObjects (0ms)
			BackupInstance (0ms)
			ReleaseScriptingObjects (0ms)
			CreateAndSetChildDomain (1ms)
		EndReloadAssembly (523ms)
			LoadAssemblies (92ms)
			RebuildTransferFunctionScriptingTraits (0ms)
			SetupTypeCache (128ms)
			ReleaseScriptCaches (0ms)
			RebuildScriptCaches (33ms)
			SetupLoadedEditorAssemblies (306ms)
				LogAssemblyErrors (0ms)
				InitializePlatformSupportModulesInManaged (7ms)
				SetLoadedEditorAssemblies (0ms)
				RefreshPlugins (108ms)
				BeforeProcessingInitializeOnLoad (1ms)
				ProcessInitializeOnLoadAttributes (142ms)
				ProcessInitializeOnLoadMethodAttributes (48ms)
				AfterProcessingInitializeOnLoad (0ms)
				EditorAssembliesLoaded (0ms)
			ExecutionOrderSort2 (0ms)
			AwakeInstancesAfterBackupRestoration (0ms)
Platform modules already initialized, skipping
Registering precompiled user dll's ...
Registered in 0.006099 seconds.
Begin MonoManager ReloadAssembly
Symbol file LoadedFromMemory doesn't match image D:\unity\2021.3.2f1\Rooster-Town\Rooster-Town\Library\PackageCache\com.unity.visualscripting@1.7.6\Editor\VisualScripting.Core\Dependencies\YamlDotNet\Unity.VisualScripting.YamlDotNet.dll
Symbol file LoadedFromMemory doesn't match image D:\unity\2021.3.2f1\Rooster-Town\Rooster-Town\Library\PackageCache\com.unity.visualscripting@1.7.6\Editor\VisualScripting.Core\Dependencies\DotNetZip\Unity.VisualScripting.IonicZip.dll
Native extension for WindowsStandalone target not found
Refreshing native plugins compatible for Editor in 99.11 ms, found 4 plugins.
Preloading 0 native plugins for Editor in 0.00 ms.
Mono: successfully reloaded assembly
- Completed reload, in  1.325 seconds
Domain Reload Profiling:
	ReloadAssembly (1326ms)
		BeginReloadAssembly (139ms)
			ExecutionOrderSort (0ms)
			DisableScriptedObjects (7ms)
			BackupInstance (0ms)
			ReleaseScriptingObjects (0ms)
			CreateAndSetChildDomain (19ms)
		EndReloadAssembly (1054ms)
			LoadAssemblies (126ms)
			RebuildTransferFunctionScriptingTraits (0ms)
			SetupTypeCache (369ms)
			ReleaseScriptCaches (1ms)
			RebuildScriptCaches (57ms)
			SetupLoadedEditorAssemblies (475ms)
				LogAssemblyErrors (0ms)
				InitializePlatformSupportModulesInManaged (3ms)
				SetLoadedEditorAssemblies (1ms)
				RefreshPlugins (99ms)
				BeforeProcessingInitializeOnLoad (93ms)
				ProcessInitializeOnLoadAttributes (231ms)
				ProcessInitializeOnLoadMethodAttributes (46ms)
				AfterProcessingInitializeOnLoad (2ms)
				EditorAssembliesLoaded (0ms)
			ExecutionOrderSort2 (0ms)
			AwakeInstancesAfterBackupRestoration (7ms)
Platform modules already initialized, skipping
========================================================================
Worker process is ready to serve import requests
Launched and connected shader compiler UnityShaderCompiler.exe after 0.06 seconds
Refreshing native plugins compatible for Editor in 0.83 ms, found 4 plugins.
Preloading 0 native plugins for Editor in 0.00 ms.
Unloading 4048 Unused Serialized files (Serialized files now loaded: 0)
Unloading 43 unused Assets / (225.4 KB). Loaded Objects now: 4498.
Memory consumption went from 150.6 MB to 150.4 MB.
Total: 4.035500 ms (FindLiveObjects: 0.386500 ms CreateObjectMapping: 0.380600 ms MarkObjects: 3.117200 ms  DeleteObjects: 0.149900 ms)

AssetImportParameters requested are different than current active one (requested -> active):
  custom:video-decoder-ogg-theora: a1e56fd34408186e4bbccfd4996cb3dc -> 
  custom:container-muxer-webm: aa71ff27fc2769a1b78a27578f13a17b -> 
  custom:container-demuxer-webm: 4f35f7cbe854078d1ac9338744f61a02 -> 
  custom:video-encoder-webm-vp8: eb34c28f22e8b96e1ab97ce403110664 -> 
  custom:audio-encoder-webm-vorbis: bf7c407c2cedff20999df2af8eb42d56 -> 
  custom:framework-win-MediaFoundation: 216162199b28c13a410421893ffa2e32 -> 
  custom:container-demuxer-ogg: 62fdf1f143b41e24485cea50d1cbac27 -> 
  custom:video-decoder-webm-vp8: 9c59270c3fd7afecdb556c50c9e8de78 -> 
  custom:audio-decoder-ogg-vorbis: bf7c407c2cedff20999df2af8eb42d56 -> 
========================================================================
Received Import Request.
  Time since last request: 32807.257270 seconds.
  path: Assets/Art/gfx
  artifactKey: Guid(0154933628869f048a36a8208fcfa60f) Importer(815301076,1909f56bfc062723c751e8b465ee728b)
Start importing Assets/Art/gfx using Guid(0154933628869f048a36a8208fcfa60f) Importer(815301076,1909f56bfc062723c751e8b465ee728b)  -> (artifact id: 'b961d8817a42b3829edabd6e775c0d33') in 0.011235 seconds 
========================================================================
Received Import Request.
  Time since last request: 0.048124 seconds.
  path: Assets/Art/gfx/basic_colors.png
  artifactKey: Guid(41b2fe391b50b0942b45447cb2c558ac) Importer(815301076,1909f56bfc062723c751e8b465ee728b)
Start importing Assets/Art/gfx/basic_colors.png using Guid(41b2fe391b50b0942b45447cb2c558ac) Importer(815301076,1909f56bfc062723c751e8b465ee728b)  -> (artifact id: '4f110e42c6176cf35abe8e7f38b4d875') in 0.134030 seconds 
========================================================================
Received Import Request.
  Time since last request: 0.000028 seconds.
  path: Assets/Art/gfx/font.png
  artifactKey: Guid(b8cbe706126619d40903c50fb9d63dd1) Importer(815301076,1909f56bfc062723c751e8b465ee728b)
Start importing Assets/Art/gfx/font.png using Guid(b8cbe706126619d40903c50fb9d63dd1) Importer(815301076,1909f56bfc062723c751e8b465ee728b)  -> (artifact id: 'd48496139536f75a0a3b1e9b1dac8602') in 0.026091 seconds 
========================================================================
Received Import Request.
  Time since last request: 0.000035 seconds.
  path: Assets/Art/gfx/NPC_test.png
  artifactKey: Guid(233ed2c3c57795e428932b6a36398fec) Importer(815301076,1909f56bfc062723c751e8b465ee728b)
Start importing Assets/Art/gfx/NPC_test.png using Guid(233ed2c3c57795e428932b6a36398fec) Importer(815301076,1909f56bfc062723c751e8b465ee728b)  -> (artifact id: 'e1ff33f52d4e654c6236df40d3353884') in 0.021207 seconds 
========================================================================
Received Import Request.
  Time since last request: 0.000026 seconds.
  path: Assets/Art/gfx/surf_sprites.png
  artifactKey: Guid(14ced2238d82c7149b8f5a0481222249) Importer(815301076,1909f56bfc062723c751e8b465ee728b)
Start importing Assets/Art/gfx/surf_sprites.png using Guid(14ced2238d82c7149b8f5a0481222249) Importer(815301076,1909f56bfc062723c751e8b465ee728b)  -> (artifact id: 'd3756ee2e703472d3cfddd44be606e7c') in 0.027828 seconds 
========================================================================
Received Import Request.
  Time since last request: 0.000031 seconds.
  path: Assets/Art/gfx/Inner.png
  artifactKey: Guid(457d1ade8f441be428fdc1c3ed0912ce) Importer(815301076,1909f56bfc062723c751e8b465ee728b)
Start importing Assets/Art/gfx/Inner.png using Guid(457d1ade8f441be428fdc1c3ed0912ce) Importer(815301076,1909f56bfc062723c751e8b465ee728b)  -> (artifact id: 'a36a1bf7740d37a6271f4e053dc42bdd') in 0.031336 seconds 
========================================================================
Received Import Request.
  Time since last request: 0.000021 seconds.
  path: Assets/Art/gfx/tileset.png
  artifactKey: Guid(6092738183c668a4d924383acaf9eb5f) Importer(815301076,1909f56bfc062723c751e8b465ee728b)
Start importing Assets/Art/gfx/tileset.png using Guid(6092738183c668a4d924383acaf9eb5f) Importer(815301076,1909f56bfc062723c751e8b465ee728b)  -> (artifact id: 'd83131c019e858776bbedcbe5b71bc69') in 0.340171 seconds 
========================================================================
Received Import Request.
  Time since last request: 66.652241 seconds.
  path: Assets
  artifactKey: Guid(00000000000000001000000000000000) Importer(815301076,1909f56bfc062723c751e8b465ee728b)
Start importing Assets using Guid(00000000000000001000000000000000) Importer(815301076,1909f56bfc062723c751e8b465ee728b)  -> (artifact id: '79842766b460edbeab6a34051e857a80') in 0.008324 seconds 
